Determining if the pthread_create exist failed with the following output:
Change Dir: /home/relaybot/gpsbot_ws_sweep/build/CMakeFiles/CMakeTmp

Run Build Command:/usr/bin/make "cmTryCompileExec1521922252/fast"
/usr/bin/make -f CMakeFiles/cmTryCompileExec1521922252.dir/build.make CMakeFiles/cmTryCompileExec1521922252.dir/build
make[1]: Entering directory `/home/relaybot/gpsbot_ws_sweep/build/CMakeFiles/CMakeTmp'
/usr/bin/cmake -E cmake_progress_report /home/relaybot/gpsbot_ws_sweep/build/CMakeFiles/CMakeTmp/CMakeFiles 1
Building C object CMakeFiles/cmTryCompileExec1521922252.dir/CheckSymbolExists.c.o
/usr/bin/cc    -o CMakeFiles/cmTryCompileExec1521922252.dir/CheckSymbolExists.c.o   -c /home/relaybot/gpsbot_ws_sweep/build/CMakeFiles/CMakeTmp/CheckSymbolExists.c
Linking C executable cmTryCompileExec1521922252
/usr/bin/cmake -E cmake_link_script CMakeFiles/cmTryCompileExec1521922252.dir/link.txt --verbose=1
/usr/bin/cc       CMakeFiles/cmTryCompileExec1521922252.dir/CheckSymbolExists.c.o  -o cmTryCompileExec1521922252 -rdynamic 
CMakeFiles/cmTryCompileExec1521922252.dir/CheckSymbolExists.c.o: In function `main':
CheckSymbolExists.c:(.text+0x16): undefined reference to `pthread_create'
collect2: error: ld returned 1 exit status
make[1]: Leaving directory `/home/relaybot/gpsbot_ws_sweep/build/CMakeFiles/CMakeTmp'
make[1]: *** [cmTryCompileExec1521922252] Error 1
make: *** [cmTryCompileExec1521922252/fast] Error 2

File /home/relaybot/gpsbot_ws_sweep/build/CMakeFiles/CMakeTmp/CheckSymbolExists.c:
/* */
#include <pthread.h>

int main(int argc, char** argv)
{
  (void)argv;
#ifndef pthread_create
  return ((int*)(&pthread_create))[argc];
#else
  (void)argc;
  return 0;
#endif
}

Determining if the function pthread_create exists in the pthreads failed with the following output:
Change Dir: /home/relaybot/gpsbot_ws_sweep/build/CMakeFiles/CMakeTmp

Run Build Command:/usr/bin/make "cmTryCompileExec133986592/fast"
/usr/bin/make -f CMakeFiles/cmTryCompileExec133986592.dir/build.make CMakeFiles/cmTryCompileExec133986592.dir/build
make[1]: Entering directory `/home/relaybot/gpsbot_ws_sweep/build/CMakeFiles/CMakeTmp'
/usr/bin/cmake -E cmake_progress_report /home/relaybot/gpsbot_ws_sweep/build/CMakeFiles/CMakeTmp/CMakeFiles 1
Building C object CMakeFiles/cmTryCompileExec133986592.dir/CheckFunctionExists.c.o
/usr/bin/cc   -DCHECK_FUNCTION_EXISTS=pthread_create   -o CMakeFiles/cmTryCompileExec133986592.dir/CheckFunctionExists.c.o   -c /usr/share/cmake-2.8/Modules/CheckFunctionExists.c
Linking C executable cmTryCompileExec133986592
/usr/bin/cmake -E cmake_link_script CMakeFiles/cmTryCompileExec133986592.dir/link.txt --verbose=1
/usr/bin/cc   -DCHECK_FUNCTION_EXISTS=pthread_create    CMakeFiles/cmTryCompileExec133986592.dir/CheckFunctionExists.c.o  -o cmTryCompileExec133986592 -rdynamic -lpthreads 
/usr/bin/ld: cannot find -lpthreads
collect2: error: ld returned 1 exit status
make[1]: Leaving directory `/home/relaybot/gpsbot_ws_sweep/build/CMakeFiles/CMakeTmp'
make[1]: *** [cmTryCompileExec133986592] Error 1
make: *** [cmTryCompileExec133986592/fast] Error 2


Determining if the include file pgm.h exists failed with the following output:
Change Dir: /home/relaybot/gpsbot_ws_sweep/build/CMakeFiles/CMakeTmp

Run Build Command:/usr/bin/make "cmTryCompileExec1085261927/fast"
/usr/bin/make -f CMakeFiles/cmTryCompileExec1085261927.dir/build.make CMakeFiles/cmTryCompileExec1085261927.dir/build
make[1]: Entering directory `/home/relaybot/gpsbot_ws_sweep/build/CMakeFiles/CMakeTmp'
/usr/bin/cmake -E cmake_progress_report /home/relaybot/gpsbot_ws_sweep/build/CMakeFiles/CMakeTmp/CMakeFiles 1
Building CXX object CMakeFiles/cmTryCompileExec1085261927.dir/CheckIncludeFile.cxx.o
/usr/bin/c++    -Wno-deprecated    -o CMakeFiles/cmTryCompileExec1085261927.dir/CheckIncludeFile.cxx.o -c /home/relaybot/gpsbot_ws_sweep/build/CMakeFiles/CMakeTmp/CheckIncludeFile.cxx
/home/relaybot/gpsbot_ws_sweep/build/CMakeFiles/CMakeTmp/CheckIncludeFile.cxx:1:17: fatal error: pgm.h: No such file or directory
 #include <pgm.h>
                 ^
compilation terminated.
make[1]: Leaving directory `/home/relaybot/gpsbot_ws_sweep/build/CMakeFiles/CMakeTmp'
make[1]: *** [CMakeFiles/cmTryCompileExec1085261927.dir/CheckIncludeFile.cxx.o] Error 1
make: *** [cmTryCompileExec1085261927/fast] Error 2


